<?xml version="1.0" encoding="UTF-8"?>
<!-- Generated by org.testng.reporters.JUnitXMLReporter -->
<testsuite ignored="0" hostname="DESKTOP-DUGD1NL" failures="0" tests="1" name="Test" time="0.331" errors="0" timestamp="2023-02-22T15:39:44 IST">
  <testcase classname="testClasses.IMBD_WikiPeadia" name="@BeforeClass initiliation" time="-1.67706058366E9">
    <failure type="org.testng.TestNGException" message="
Can inject only one of &amp;lt;ITestContext, XmlTest&amp;gt; into a @BeforeClass annotated initiliation.
For more information on native dependency injection please refer to https://testng.org/doc/documentation-main.html#native-dependency-injection">
      <![CDATA[org.testng.TestNGException: 
Can inject only one of <ITestContext, XmlTest> into a @BeforeClass annotated initiliation.
For more information on native dependency injection please refer to https://testng.org/doc/documentation-main.html#native-dependency-injection
at java.base/java.util.ArrayList.forEach(ArrayList.java:1541)
... Removed 22 stack frames]]>
    </failure>
  </testcase> <!-- @BeforeClass initiliation -->
  <testcase classname="testClasses.IMBD_WikiPeadia" name="@AfterClass unLoadDriver" time="0.0">
    <skipped/>
  </testcase> <!-- @AfterClass unLoadDriver -->
  <testcase classname="testClasses.IMBD_WikiPeadia" name="dateAndCountryValidation" time="0.0">
    <skipped/>
  </testcase> <!-- dateAndCountryValidation -->
</testsuite> <!-- Test -->
